<?xml version="1.0" encoding="UTF-8"?>
<testsuite xmlns:xsi="http://www.w3.org/2001/XMLSchema-instance" xsi:noNamespaceSchemaLocation="https://maven.apache.org/surefire/maven-surefire-plugin/xsd/surefire-test-report.xsd" version="3.0.2" name="testRunner.TestRunner" time="4.978" tests="2" errors="2" skipped="0" failures="0">
  <properties>
[...]
</properties>
  <testcase name="Successful Login with Valid Credentials" classname="Login with Valid Credentials" time="0.528">
    <error message="Unable to obtain: chromedriver, error Command failed with code: -1073741511, executed: [--browser, chrome, --language-binding, java, --output, json]&#10;&#10;Build info: version: &apos;4.34.0&apos;, revision: &apos;707dcb4246*&apos;&#10;System info: os.name: &apos;Windows 7&apos;, os.arch: &apos;amd64&apos;, os.version: &apos;6.1&apos;, java.version: &apos;21.0.7&apos;&#10;Driver info: driver.version: ChromeDriver" type="org.openqa.selenium.remote.NoSuchDriverException"><![CDATA[org.openqa.selenium.remote.NoSuchDriverException: 
Unable to obtain: chromedriver, error Command failed with code: -1073741511, executed: [--browser, chrome, --language-binding, java, --output, json]

Build info: version: '4.34.0', revision: '707dcb4246*'
System info: os.name: 'Windows 7', os.arch: 'amd64', os.version: '6.1', java.version: '21.0.7'
Driver info: driver.version: ChromeDriver
	at org.openqa.selenium.remote.service.DriverFinder.getBinaryPaths(DriverFinder.java:124)
	at org.openqa.selenium.remote.service.DriverFinder.getDriverPath(DriverFinder.java:55)
	at org.openqa.selenium.chrome.ChromeDriver.generateExecutor(ChromeDriver.java:99)
	at org.openqa.selenium.chrome.ChromeDriver.<init>(ChromeDriver.java:88)
	at org.openqa.selenium.chrome.ChromeDriver.<init>(ChromeDriver.java:83)
	at org.openqa.selenium.chrome.ChromeDriver.<init>(ChromeDriver.java:51)
	at factory.BaseClass.initBrowser(BaseClass.java:49)
	at hooks.Hooks.setup(Hooks.java:25)
Caused by: org.openqa.selenium.WebDriverException: Command failed with code: -1073741511, executed: [--browser, chrome, --language-binding, java, --output, json]

Build info: version: '4.34.0', revision: '707dcb4246*'
System info: os.name: 'Windows 7', os.arch: 'amd64', os.version: '6.1', java.version: '21.0.7'
Driver info: driver.version: ChromeDriver
	at org.openqa.selenium.manager.SeleniumManager.runCommand(SeleniumManager.java:173)
	at org.openqa.selenium.manager.SeleniumManager.getBinaryPaths(SeleniumManager.java:254)
	at org.openqa.selenium.remote.service.DriverFinder.getBinaryPaths(DriverFinder.java:104)
	... 7 more
]]></error>
    <system-out><![CDATA[
@sanity @regression
&amp#27;[1mScenario:&amp#27;[22m Successful Login with Valid Credentials                                    &amp#27;[90m# file:///F:/intlliJ_7_08_2025/pavan/cucumber-selenium-august-pavan/./Features/Login.feature:4&amp#27;[39m
        &amp#27;[31morg.openqa.selenium.remote.NoSuchDriverException: Unable to obtain: chromedriver, error Command failed with code: -1073741511, executed: [--browser, chrome, --language-binding, java, --output, json]&amp#27;[39m
        &amp#27;[31m&amp#27;[39m
        &amp#27;[31mBuild info: version: '4.34.0', revision: '707dcb4246*'&amp#27;[39m
        &amp#27;[31mSystem info: os.name: 'Windows 7', os.arch: 'amd64', os.version: '6.1', java.version: '21.0.7'&amp#27;[39m
        &amp#27;[31mDriver info: driver.version: ChromeDriver&amp#27;[39m
        &amp#27;[31m	at org.openqa.selenium.remote.service.DriverFinder.getBinaryPaths(DriverFinder.java:124)&amp#27;[39m
        &amp#27;[31m	at org.openqa.selenium.remote.service.DriverFinder.getDriverPath(DriverFinder.java:55)&amp#27;[39m
        &amp#27;[31m	at org.openqa.selenium.chrome.ChromeDriver.generateExecutor(ChromeDriver.java:99)&amp#27;[39m
        &amp#27;[31m	at org.openqa.selenium.chrome.ChromeDriver.<init>(ChromeDriver.java:88)&amp#27;[39m
        &amp#27;[31m	at org.openqa.selenium.chrome.ChromeDriver.<init>(ChromeDriver.java:83)&amp#27;[39m
        &amp#27;[31m	at org.openqa.selenium.chrome.ChromeDriver.<init>(ChromeDriver.java:51)&amp#27;[39m
        &amp#27;[31m	at factory.BaseClass.initBrowser(BaseClass.java:49)&amp#27;[39m
        &amp#27;[31m	at hooks.Hooks.setup(Hooks.java:25)&amp#27;[39m
        &amp#27;[31mCaused by: org.openqa.selenium.WebDriverException: Command failed with code: -1073741511, executed: [--browser, chrome, --language-binding, java, --output, json]&amp#27;[39m
        &amp#27;[31m&amp#27;[39m
        &amp#27;[31mBuild info: version: '4.34.0', revision: '707dcb4246*'&amp#27;[39m
        &amp#27;[31mSystem info: os.name: 'Windows 7', os.arch: 'amd64', os.version: '6.1', java.version: '21.0.7'&amp#27;[39m
        &amp#27;[31mDriver info: driver.version: ChromeDriver&amp#27;[39m
        &amp#27;[31m	at org.openqa.selenium.manager.SeleniumManager.runCommand(SeleniumManager.java:173)&amp#27;[39m
        &amp#27;[31m	at org.openqa.selenium.manager.SeleniumManager.getBinaryPaths(SeleniumManager.java:254)&amp#27;[39m
        &amp#27;[31m	at org.openqa.selenium.remote.service.DriverFinder.getBinaryPaths(DriverFinder.java:104)&amp#27;[39m
        &amp#27;[31m	... 7 more&amp#27;[39m
  &amp#27;[36m↷&amp#27;[39m &amp#27;[36m&amp#27;[1mGiven &amp#27;[22mthe user navigates to login page&amp#27;[39m                                           &amp#27;[90m# stepDefinitions.LoginSteps.user_navigate_to_login_page()&amp#27;[39m
  &amp#27;[36m↷&amp#27;[39m &amp#27;[36m&amp#27;[1mWhen &amp#27;[22muser enters email as &amp#27;[1m"pavanoltraining@gmail.com"&amp#27;[22m and password as &amp#27;[1m"test@123"&amp#27;[22m&amp#27;[39m &amp#27;[90m# stepDefinitions.LoginSteps.user_enters_email_as_and_password_as(java.lang.String,java.lang.String)&amp#27;[39m
  &amp#27;[36m↷&amp#27;[39m &amp#27;[36m&amp#27;[1mAnd &amp#27;[22mthe user clicks on the Login button&amp#27;[39m                                          &amp#27;[90m# stepDefinitions.LoginSteps.click_on_login_button()&amp#27;[39m
  &amp#27;[36m↷&amp#27;[39m &amp#27;[36m&amp#27;[1mThen &amp#27;[22mthe user should be redirected to the MyAccount Page&amp#27;[39m                         &amp#27;[90m# stepDefinitions.LoginSteps.user_navigates_to_my_account_page()&amp#27;[39m
        &amp#27;[31mjava.lang.NullPointerException: Cannot invoke "org.openqa.selenium.WebDriver.quit()" because "this.driver" is null&amp#27;[39m
        &amp#27;[31m	at hooks.Hooks.tearDown(Hooks.java:37)&amp#27;[39m
]]></system-out>
  </testcase>
  <testcase name="Successful Login with Valid Credentials" classname="Login with Valid Credentials" time="0.568">
    <error message="Cannot invoke &quot;org.openqa.selenium.WebDriver.quit()&quot; because &quot;this.driver&quot; is null" type="java.lang.NullPointerException"><![CDATA[java.lang.NullPointerException: Cannot invoke "org.openqa.selenium.WebDriver.quit()" because "this.driver" is null
	at hooks.Hooks.tearDown(Hooks.java:37)
]]></error>
  </testcase>
</testsuite>